# JRE version: Java(TM) SE Runtime Environment (8.0_181-b13) (build 1.8.0_181-b13)
# Java VM: Java HotSpot(TM) 64-Bit Server VM (25.181-b13 mixed mode windows-amd64 compressed oops)
Heap:
 PSYoungGen      total 391680K, used 354155K [0x00000000e0000000, 0x00000000fd180000, 0x0000000100000000)
  eden space 311296K, 99% used [0x00000000e0000000,0x00000000f2e70348,0x00000000f3000000)
  from space 80384K, 55% used [0x00000000f3000000,0x00000000f5b6a9a0,0x00000000f7e80000)
  to   space 78336K, 0% used [0x00000000f7e80000,0x00000000f7e80000,0x00000000fcb00000)
 ParOldGen       total 246272K, used 212467K [0x00000000a0000000, 0x00000000af080000, 0x00000000e0000000)
  object space 246272K, 86% used [0x00000000a0000000,0x00000000acf7cd38,0x00000000af080000)
 Metaspace       used 95745K, capacity 102104K, committed 102400K, reserved 1138688K
  class space    used 11823K, capacity 12933K, committed 13056K, reserved 1048576K
GC Heap History (10 events):
Event: 51988.485 GC heap before
{Heap before GC invocations=307 (full 6):
 PSYoungGen      total 298496K, used 271558K [0x00000000e0000000, 0x00000000f7700000, 0x0000000100000000)
  eden space 236544K, 100% used [0x00000000e0000000,0x00000000ee700000,0x00000000ee700000)
  from space 61952K, 56% used [0x00000000f3a80000,0x00000000f5cb1b98,0x00000000f7700000)
  to   space 73728K, 0% used [0x00000000ee700000,0x00000000ee700000,0x00000000f2f00000)
 ParOldGen       total 246272K, used 212275K [0x00000000a0000000, 0x00000000af080000, 0x00000000e0000000)
  object space 246272K, 86% used [0x00000000a0000000,0x00000000acf4cd38,0x00000000af080000)
 Metaspace       used 95647K, capacity 102024K, committed 102400K, reserved 1138688K
  class space    used 11820K, capacity 12931K, committed 13056K, reserved 1048576K
Event: 51988.513 GC heap after
Heap after GC invocations=307 (full 6):
 PSYoungGen      total 310272K, used 44009K [0x00000000e0000000, 0x00000000f9800000, 0x0000000100000000)
  eden space 236544K, 0% used [0x00000000e0000000,0x00000000e0000000,0x00000000ee700000)
  from space 73728K, 59% used [0x00000000ee700000,0x00000000f11fa730,0x00000000f2f00000)
  to   space 74240K, 0% used [0x00000000f4f80000,0x00000000f4f80000,0x00000000f9800000)
 ParOldGen       total 246272K, used 212299K [0x00000000a0000000, 0x00000000af080000, 0x00000000e0000000)
  object space 246272K, 86% used [0x00000000a0000000,0x00000000acf52d38,0x00000000af080000)
 Metaspace       used 95647K, capacity 102024K, committed 102400K, reserved 1138688K
  class space    used 11820K, capacity 12931K, committed 13056K, reserved 1048576K
}
Event: 51989.022 GC heap before
{Heap before GC invocations=308 (full 6):
 PSYoungGen      total 310272K, used 280553K [0x00000000e0000000, 0x00000000f9800000, 0x0000000100000000)
  eden space 236544K, 100% used [0x00000000e0000000,0x00000000ee700000,0x00000000ee700000)
  from space 73728K, 59% used [0x00000000ee700000,0x00000000f11fa730,0x00000000f2f00000)
  to   space 74240K, 0% used [0x00000000f4f80000,0x00000000f4f80000,0x00000000f9800000)
 ParOldGen       total 246272K, used 212299K [0x00000000a0000000, 0x00000000af080000, 0x00000000e0000000)
  object space 246272K, 86% used [0x00000000a0000000,0x00000000acf52d38,0x00000000af080000)
 Metaspace       used 95685K, capacity 102024K, committed 102400K, reserved 1138688K
  class space    used 11820K, capacity 12931K, committed 13056K, reserved 1048576K
Event: 51989.062 GC heap after
Heap after GC invocations=308 (full 6):
 PSYoungGen      total 340992K, used 50636K [0x00000000e0000000, 0x00000000fa380000, 0x0000000100000000)
  eden space 266752K, 0% used [0x00000000e0000000,0x00000000e0000000,0x00000000f0480000)
  from space 74240K, 68% used [0x00000000f4f80000,0x00000000f80f3378,0x00000000f9800000)
  to   space 76800K, 0% used [0x00000000f0480000,0x00000000f0480000,0x00000000f4f80000)
 ParOldGen       total 246272K, used 212323K [0x00000000a0000000, 0x00000000af080000, 0x00000000e0000000)
  object space 246272K, 86% used [0x00000000a0000000,0x00000000acf58d38,0x00000000af080000)
 Metaspace       used 95685K, capacity 102024K, committed 102400K, reserved 1138688K
  class space    used 11820K, capacity 12931K, committed 13056K, reserved 1048576K
}
Event: 51989.566 GC heap before
{Heap before GC invocations=309 (full 6):
 PSYoungGen      total 340992K, used 317388K [0x00000000e0000000, 0x00000000fa380000, 0x0000000100000000)
  eden space 266752K, 100% used [0x00000000e0000000,0x00000000f0480000,0x00000000f0480000)
  from space 74240K, 68% used [0x00000000f4f80000,0x00000000f80f3378,0x00000000f9800000)
  to   space 76800K, 0% used [0x00000000f0480000,0x00000000f0480000,0x00000000f4f80000)
 ParOldGen       total 246272K, used 212323K [0x00000000a0000000, 0x00000000af080000, 0x00000000e0000000)
  object space 246272K, 86% used [0x00000000a0000000,0x00000000acf58d38,0x00000000af080000)
 Metaspace       used 95697K, capacity 102032K, committed 102400K, reserved 1138688K
  class space    used 11820K, capacity 12931K, committed 13056K, reserved 1048576K
Event: 51989.599 GC heap after
Heap after GC invocations=309 (full 6):
 PSYoungGen      total 343552K, used 50061K [0x00000000e0000000, 0x00000000fcb00000, 0x0000000100000000)
  eden space 266752K, 0% used [0x00000000e0000000,0x00000000e0000000,0x00000000f0480000)
  from space 76800K, 65% used [0x00000000f0480000,0x00000000f3563600,0x00000000f4f80000)
  to   space 78336K, 0% used [0x00000000f7e80000,0x00000000f7e80000,0x00000000fcb00000)
 ParOldGen       total 246272K, used 212395K [0x00000000a0000000, 0x00000000af080000, 0x00000000e0000000)
  object space 246272K, 86% used [0x00000000a0000000,0x00000000acf6ad38,0x00000000af080000)
 Metaspace       used 95697K, capacity 102032K, committed 102400K, reserved 1138688K
  class space    used 11820K, capacity 12931K, committed 13056K, reserved 1048576K
}
Event: 51989.933 GC heap before
{Heap before GC invocations=310 (full 6):
 PSYoungGen      total 343552K, used 316813K [0x00000000e0000000, 0x00000000fcb00000, 0x0000000100000000)
  eden space 266752K, 100% used [0x00000000e0000000,0x00000000f0480000,0x00000000f0480000)
  from space 76800K, 65% used [0x00000000f0480000,0x00000000f3563600,0x00000000f4f80000)
  to   space 78336K, 0% used [0x00000000f7e80000,0x00000000f7e80000,0x00000000fcb00000)
 ParOldGen       total 246272K, used 212395K [0x00000000a0000000, 0x00000000af080000, 0x00000000e0000000)
  object space 246272K, 86% used [0x00000000a0000000,0x00000000acf6ad38,0x00000000af080000)
 Metaspace       used 95724K, capacity 102096K, committed 102400K, reserved 1138688K
  class space    used 11820K, capacity 12931K, committed 13056K, reserved 1048576K
Event: 51989.984 GC heap after
Heap after GC invocations=310 (full 6):
 PSYoungGen      total 389632K, used 53335K [0x00000000e0000000, 0x00000000fd180000, 0x0000000100000000)
  eden space 311296K, 0% used [0x00000000e0000000,0x00000000e0000000,0x00000000f3000000)
  from space 78336K, 68% used [0x00000000f7e80000,0x00000000fb295c08,0x00000000fcb00000)
  to   space 80384K, 0% used [0x00000000f3000000,0x00000000f3000000,0x00000000f7e80000)
 ParOldGen       total 246272K, used 212427K [0x00000000a0000000, 0x00000000af080000, 0x00000000e0000000)
  object space 246272K, 86% used [0x00000000a0000000,0x00000000acf72d38,0x00000000af080000)
 Metaspace       used 95724K, capacity 102096K, committed 102400K, reserved 1138688K
  class space    used 11820K, capacity 12931K, committed 13056K, reserved 1048576K
}
Event: 51990.591 GC heap before
{Heap before GC invocations=311 (full 6):
 PSYoungGen      total 389632K, used 364631K [0x00000000e0000000, 0x00000000fd180000, 0x0000000100000000)
  eden space 311296K, 100% used [0x00000000e0000000,0x00000000f3000000,0x00000000f3000000)
  from space 78336K, 68% used [0x00000000f7e80000,0x00000000fb295c08,0x00000000fcb00000)
  to   space 80384K, 0% used [0x00000000f3000000,0x00000000f3000000,0x00000000f7e80000)
 ParOldGen       total 246272K, used 212427K [0x00000000a0000000, 0x00000000af080000, 0x00000000e0000000)
  object space 246272K, 86% used [0x00000000a0000000,0x00000000acf72d38,0x00000000af080000)
 Metaspace       used 95731K, capacity 102096K, committed 102400K, reserved 1138688K
  class space    used 11821K, capacity 12931K, committed 13056K, reserved 1048576K
Event: 51990.624 GC heap after
Heap after GC invocations=311 (full 6):
 PSYoungGen      total 391680K, used 44458K [0x00000000e0000000, 0x00000000fd180000, 0x0000000100000000)
  eden space 311296K, 0% used [0x00000000e0000000,0x00000000e0000000,0x00000000f3000000)
  from space 80384K, 55% used [0x00000000f3000000,0x00000000f5b6a9a0,0x00000000f7e80000)
  to   space 78336K, 0% used [0x00000000f7e80000,0x00000000f7e80000,0x00000000fcb00000)
 ParOldGen       total 246272K, used 212467K [0x00000000a0000000, 0x00000000af080000, 0x00000000e0000000)
  object space 246272K, 86% used [0x00000000a0000000,0x00000000acf7cd38,0x00000000af080000)
 Metaspace       used 95731K, capacity 102096K, committed 102400K, reserved 1138688K
  class space    used 11821K, capacity 12931K, committed 13056K, reserved 1048576K
}

